Using pre-set license
Built from '2022.3/staging' branch; Version is '2022.3.11f1 (d00248457e15) revision 13632072'; Using compiler version '192829333'; Build Type 'Release'
OS: 'Windows 10  (10.0.19045) 64bit ProfessionalWorkstation' Language: 'ru' Physical Memory: 32642 MB
BatchMode: 1, IsHumanControllingUs: 0, StartBugReporterOnCrash: 0, Is64bit: 1, IsPro: 1

COMMAND LINE ARGUMENTS:
C:\Program Files\Unity Hub\2022.3.11f1\Editor\Unity.exe
-adb2
-batchMode
-noUpm
-name
AssetImportWorker1
-projectPath
D:/11Progects/GItHab/hallowin jam/Hellowen-GameJam/Hellowen GameJam
-logFile
Logs/AssetImportWorker1.log
-srvPort
57758
Successfully changed project path to: D:/11Progects/GItHab/hallowin jam/Hellowen-GameJam/Hellowen GameJam
D:/11Progects/GItHab/hallowin jam/Hellowen-GameJam/Hellowen GameJam
[UnityMemory] Configuration Parameters - Can be set up in boot.config
    "memorysetup-bucket-allocator-granularity=16"
    "memorysetup-bucket-allocator-bucket-count=8"
    "memorysetup-bucket-allocator-block-size=33554432"
    "memorysetup-bucket-allocator-block-count=8"
    "memorysetup-main-allocator-block-size=16777216"
    "memorysetup-thread-allocator-block-size=16777216"
    "memorysetup-gfx-main-allocator-block-size=16777216"
    "memorysetup-gfx-thread-allocator-block-size=16777216"
    "memorysetup-cache-allocator-block-size=4194304"
    "memorysetup-typetree-allocator-block-size=2097152"
    "memorysetup-profiler-bucket-allocator-granularity=16"
    "memorysetup-profiler-bucket-allocator-bucket-count=8"
    "memorysetup-profiler-bucket-allocator-block-size=33554432"
    "memorysetup-profiler-bucket-allocator-block-count=8"
    "memorysetup-profiler-allocator-block-size=16777216"
    "memorysetup-profiler-editor-allocator-block-size=1048576"
    "memorysetup-temp-allocator-size-main=16777216"
    "memorysetup-job-temp-allocator-block-size=2097152"
    "memorysetup-job-temp-allocator-block-size-background=1048576"
    "memorysetup-job-temp-allocator-reduction-small-platforms=262144"
    "memorysetup-allocator-temp-initial-block-size-main=262144"
    "memorysetup-allocator-temp-initial-block-size-worker=262144"
    "memorysetup-temp-allocator-size-background-worker=32768"
    "memorysetup-temp-allocator-size-job-worker=262144"
    "memorysetup-temp-allocator-size-preload-manager=33554432"
    "memorysetup-temp-allocator-size-nav-mesh-worker=65536"
    "memorysetup-temp-allocator-size-audio-worker=65536"
    "memorysetup-temp-allocator-size-cloud-worker=32768"
    "memorysetup-temp-allocator-size-gi-baking-worker=262144"
    "memorysetup-temp-allocator-size-gfx=262144"
Player connection [8052] Host "[IP] 192.168.234.221 [Port] 0 [Flags] 2 [Guid] 258661738 [EditorId] 258661738 [Version] 1048832 [Id] WindowsEditor(7,RP-pc) [Debug] 1 [PackageName] WindowsEditor [ProjectName] Editor" joined multi-casting on [225.0.0.222:54997]...

Player connection [8052] Host "[IP] 192.168.234.221 [Port] 0 [Flags] 2 [Guid] 258661738 [EditorId] 258661738 [Version] 1048832 [Id] WindowsEditor(7,RP-pc) [Debug] 1 [PackageName] WindowsEditor [ProjectName] Editor" joined alternative multi-casting on [225.0.0.222:34997]...

[Physics::Module] Initialized MultithreadedJobDispatcher with 7 workers.
Refreshing native plugins compatible for Editor in 8.48 ms, found 3 plugins.
Preloading 0 native plugins for Editor in 0.00 ms.
Initialize engine version: 2022.3.11f1 (d00248457e15)
[Subsystems] Discovering subsystems at path C:/Program Files/Unity Hub/2022.3.11f1/Editor/Data/Resources/UnitySubsystems
[Subsystems] Discovering subsystems at path D:/11Progects/GItHab/hallowin jam/Hellowen-GameJam/Hellowen GameJam/Assets
GfxDevice: creating device client; threaded=0; jobified=0
Direct3D:
    Version:  Direct3D 11.0 [level 11.1]
    Renderer: Radeon (TM) 520 (ID=0x6665)
    Vendor:   ATI
    VRAM:     2039 MB
    Driver:   27.20.21002.112
Initialize mono
Mono path[0] = 'C:/Program Files/Unity Hub/2022.3.11f1/Editor/Data/Managed'
Mono path[1] = 'C:/Program Files/Unity Hub/2022.3.11f1/Editor/Data/MonoBleedingEdge/lib/mono/unityjit-win32'
Mono config path = 'C:/Program Files/Unity Hub/2022.3.11f1/Editor/Data/MonoBleedingEdge/etc'
Using monoOptions --debugger-agent=transport=dt_socket,embedding=1,server=y,suspend=n,address=127.0.0.1:56684
Begin MonoManager ReloadAssembly
Registering precompiled unity dll's ...
Register platform support module: C:/Program Files/Unity Hub/2022.3.11f1/Editor/Data/PlaybackEngines/WindowsStandaloneSupport/UnityEditor.WindowsStandalone.Extensions.dll
Registered in 0.014601 seconds.
- Loaded All Assemblies, in  0.832 seconds
Native extension for WindowsStandalone target not found
Mono: successfully reloaded assembly
- Finished resetting the current domain, in  0.701 seconds
Domain Reload Profiling: 1532ms
	BeginReloadAssembly (220ms)
		ExecutionOrderSort (0ms)
		DisableScriptedObjects (0ms)
		BackupInstance (0ms)
		ReleaseScriptingObjects (0ms)
		CreateAndSetChildDomain (1ms)
	RebuildCommonClasses (96ms)
	RebuildNativeTypeToScriptingClass (33ms)
	initialDomainReloadingComplete (137ms)
	LoadAllAssembliesAndSetupDomain (344ms)
		LoadAssemblies (218ms)
		RebuildTransferFunctionScriptingTraits (0ms)
		AnalyzeDomain (338ms)
			TypeCache.Refresh (335ms)
				TypeCache.ScanAssembly (304ms)
			ScanForSourceGeneratedMonoScriptInfo (1ms)
			ResolveRequiredComponents (1ms)
	FinalizeReload (702ms)
		ReleaseScriptCaches (0ms)
		RebuildScriptCaches (0ms)
		SetupLoadedEditorAssemblies (537ms)
			LogAssemblyErrors (0ms)
			InitializePlatformSupportModulesInManaged (24ms)
			SetLoadedEditorAssemblies (23ms)
			RefreshPlugins (0ms)
			BeforeProcessingInitializeOnLoad (5ms)
			ProcessInitializeOnLoadAttributes (347ms)
			ProcessInitializeOnLoadMethodAttributes (137ms)
			AfterProcessingInitializeOnLoad (0ms)
			EditorAssembliesLoaded (0ms)
		ExecutionOrderSort2 (0ms)
		AwakeInstancesAfterBackupRestoration (0ms)
========================================================================
Worker process is ready to serve import requests
Begin MonoManager ReloadAssembly
- Loaded All Assemblies, in  1.435 seconds
Refreshing native plugins compatible for Editor in 6.84 ms, found 3 plugins.
Native extension for WindowsStandalone target not found
Package Manager log level set to [2]
[Package Manager] Server::EnsureServerProcessIsRunning -- launch failed, reason: Unity was launched with the -noUpm command-line argument
[Package Manager] UpmClient::Send -- Unable to send message (not connected to UPM process).
[Package Manager] Cannot connect to Unity Package Manager local server
Mono: successfully reloaded assembly
- Finished resetting the current domain, in  1.460 seconds
Domain Reload Profiling: 2890ms
	BeginReloadAssembly (387ms)
		ExecutionOrderSort (0ms)
		DisableScriptedObjects (16ms)
		BackupInstance (0ms)
		ReleaseScriptingObjects (1ms)
		CreateAndSetChildDomain (51ms)
	RebuildCommonClasses (96ms)
	RebuildNativeTypeToScriptingClass (35ms)
	initialDomainReloadingComplete (108ms)
	LoadAllAssembliesAndSetupDomain (803ms)
		LoadAssemblies (643ms)
		RebuildTransferFunctionScriptingTraits (0ms)
		AnalyzeDomain (391ms)
			TypeCache.Refresh (337ms)
				TypeCache.ScanAssembly (299ms)
			ScanForSourceGeneratedMonoScriptInfo (36ms)
			ResolveRequiredComponents (17ms)
	FinalizeReload (1461ms)
		ReleaseScriptCaches (0ms)
		RebuildScriptCaches (0ms)
		SetupLoadedEditorAssemblies (1043ms)
			LogAssemblyErrors (0ms)
			InitializePlatformSupportModulesInManaged (14ms)
			SetLoadedEditorAssemblies (10ms)
			RefreshPlugins (0ms)
			BeforeProcessingInitializeOnLoad (138ms)
			ProcessInitializeOnLoadAttributes (800ms)
			ProcessInitializeOnLoadMethodAttributes (61ms)
			AfterProcessingInitializeOnLoad (18ms)
			EditorAssembliesLoaded (0ms)
		ExecutionOrderSort2 (0ms)
		AwakeInstancesAfterBackupRestoration (19ms)
Launched and connected shader compiler UnityShaderCompiler.exe after 0.09 seconds
Refreshing native plugins compatible for Editor in 6.40 ms, found 3 plugins.
Preloading 0 native plugins for Editor in 0.00 ms.
Unloading 3014 Unused Serialized files (Serialized files now loaded: 0)
Unloading 31 unused Assets / (56.5 KB). Loaded Objects now: 3497.
Memory consumption went from 128.5 MB to 128.4 MB.
Total: 5.412300 ms (FindLiveObjects: 0.355800 ms CreateObjectMapping: 0.345500 ms MarkObjects: 4.501800 ms  DeleteObjects: 0.207500 ms)

AssetImportParameters requested are different than current active one (requested -> active):
  custom:container-demuxer-ogg: 62fdf1f143b41e24485cea50d1cbac27 -> 
  custom:video-decoder-ogg-theora: a1e56fd34408186e4bbccfd4996cb3dc -> 
  custom:framework-win-MediaFoundation: 216162199b28c13a410421893ffa2e32 -> 
  custom:container-demuxer-webm: 4f35f7cbe854078d1ac9338744f61a02 -> 
  custom:container-muxer-webm: aa71ff27fc2769a1b78a27578f13a17b -> 
  custom:video-decoder-webm-vp8: 9c59270c3fd7afecdb556c50c9e8de78 -> 
  custom:AudioImporter_EditorPlatform: d09bf68614088b80899f8185d706f6e7 -> 
  custom:video-encoder-webm-vp8: eb34c28f22e8b96e1ab97ce403110664 -> 
  custom:audio-decoder-ogg-vorbis: bf7c407c2cedff20999df2af8eb42d56 -> 
  custom:audio-encoder-webm-vorbis: bf7c407c2cedff20999df2af8eb42d56 -> 
========================================================================
Received Import Request.
  Time since last request: 40466.779091 seconds.
  path: Assets/Models+Texters/vraszh_123.fbx
  artifactKey: Guid(15ddfce88c7eaa246b6c15c760df5218) Importer(815301076,1909f56bfc062723c751e8b465ee728b)
Start importing Assets/Models+Texters/vraszh_123.fbx using Guid(15ddfce88c7eaa246b6c15c760df5218) Importer(815301076,1909f56bfc062723c751e8b465ee728b)  -> (artifact id: 'f98f8762298e0f89954a6982772a5a5d') in 0.381605 seconds
Number of updated asset objects reloaded before import = 0
Number of asset objects unloaded after import = 8
========================================================================
Received Import Request.
  Time since last request: 0.000116 seconds.
  path: Assets/Models+Texters/color_atlas_5.png
  artifactKey: Guid(4f0c0c16783446a4590be8419f3c391c) Importer(815301076,1909f56bfc062723c751e8b465ee728b)
Start importing Assets/Models+Texters/color_atlas_5.png using Guid(4f0c0c16783446a4590be8419f3c391c) Importer(815301076,1909f56bfc062723c751e8b465ee728b)  -> (artifact id: 'c46050ade1a6fe1371b2bf5e3f96ecd8') in 0.090608 seconds
Number of updated asset objects reloaded before import = 0
Number of asset objects unloaded after import = 2
========================================================================
Received Import Request.
  Time since last request: 0.000029 seconds.
  path: Assets/Models+Texters/environment_platform.fbx
  artifactKey: Guid(174a138c2d4bfe24fbf1c3547d186ec8) Importer(815301076,1909f56bfc062723c751e8b465ee728b)
Start importing Assets/Models+Texters/environment_platform.fbx using Guid(174a138c2d4bfe24fbf1c3547d186ec8) Importer(815301076,1909f56bfc062723c751e8b465ee728b)  -> (artifact id: '3034cd08d7b6d983961af98616a1b6e9') in 0.070349 seconds
Number of updated asset objects reloaded before import = 0
Number of asset objects unloaded after import = 15
========================================================================
Received Import Request.
  Time since last request: 0.000030 seconds.
  path: Assets/Models+Texters/vraszh_23.fbx
  artifactKey: Guid(a4f5ddfa895dce6429aa30e216b24eab) Importer(815301076,1909f56bfc062723c751e8b465ee728b)
Start importing Assets/Models+Texters/vraszh_23.fbx using Guid(a4f5ddfa895dce6429aa30e216b24eab) Importer(815301076,1909f56bfc062723c751e8b465ee728b)  -> (artifact id: '4d733c5ba9227c39c5d80258fc985b2e') in 0.045959 seconds
Number of updated asset objects reloaded before import = 0
Number of asset objects unloaded after import = 8
========================================================================
Received Import Request.
  Time since last request: 42.669959 seconds.
  path: Assets/Models+Texters/WOODS/wood_5.fbx
  artifactKey: Guid(8d79c4cd6bf0ea544b1981d8e90cf790) Importer(815301076,1909f56bfc062723c751e8b465ee728b)
Start importing Assets/Models+Texters/WOODS/wood_5.fbx using Guid(8d79c4cd6bf0ea544b1981d8e90cf790) Importer(815301076,1909f56bfc062723c751e8b465ee728b)  -> (artifact id: '981c622e1b0e67dc3872029c6d722b12') in 0.073921 seconds
Number of updated asset objects reloaded before import = 0
Number of asset objects unloaded after import = 8
========================================================================
Received Import Request.
  Time since last request: 0.000018 seconds.
  path: Assets/Models+Texters/WOODS/wood_6.fbx
  artifactKey: Guid(180dc5872f64c4b4abb0d6e9ae4b7616) Importer(815301076,1909f56bfc062723c751e8b465ee728b)
Start importing Assets/Models+Texters/WOODS/wood_6.fbx using Guid(180dc5872f64c4b4abb0d6e9ae4b7616) Importer(815301076,1909f56bfc062723c751e8b465ee728b)  -> (artifact id: '71a8c209be35480f7aed43f9357562a7') in 0.033074 seconds
Number of updated asset objects reloaded before import = 0
Number of asset objects unloaded after import = 8
========================================================================
Received Import Request.
  Time since last request: 0.000023 seconds.
  path: Assets/Models+Texters/WOODS/wood_9.fbx
  artifactKey: Guid(820091cc264b1bc458a944bfbce99751) Importer(815301076,1909f56bfc062723c751e8b465ee728b)
Start importing Assets/Models+Texters/WOODS/wood_9.fbx using Guid(820091cc264b1bc458a944bfbce99751) Importer(815301076,1909f56bfc062723c751e8b465ee728b)  -> (artifact id: '8499d3caebc440b9d342f209287691bb') in 0.032729 seconds
Number of updated asset objects reloaded before import = 0
Number of asset objects unloaded after import = 8
========================================================================
Received Import Request.
  Time since last request: 0.000016 seconds.
  path: Assets/Models+Texters/WOODS/wood_destroy_3.fbx
  artifactKey: Guid(3f077945346dc2b4bacd2ed6011c749c) Importer(815301076,1909f56bfc062723c751e8b465ee728b)
Start importing Assets/Models+Texters/WOODS/wood_destroy_3.fbx using Guid(3f077945346dc2b4bacd2ed6011c749c) Importer(815301076,1909f56bfc062723c751e8b465ee728b)  -> (artifact id: '0d78613b6643630d9455038d8b148a72') in 0.035833 seconds
Number of updated asset objects reloaded before import = 0
Number of asset objects unloaded after import = 8
========================================================================
Received Import Request.
  Time since last request: 0.000099 seconds.
  path: Assets/Models+Texters/WOODS/wood_destroy_4.fbx
  artifactKey: Guid(7f5442df370f9d84481f7a5b8568ce66) Importer(815301076,1909f56bfc062723c751e8b465ee728b)
Start importing Assets/Models+Texters/WOODS/wood_destroy_4.fbx using Guid(7f5442df370f9d84481f7a5b8568ce66) Importer(815301076,1909f56bfc062723c751e8b465ee728b)  -> (artifact id: '296d33a1dcc0db18383c8198e99f1473') in 0.035779 seconds
Number of updated asset objects reloaded before import = 0
Number of asset objects unloaded after import = 8
========================================================================
Received Import Request.
  Time since last request: 0.000038 seconds.
  path: Assets/Models+Texters/WOODS/wood_8.fbx
  artifactKey: Guid(cc1a33c95ee3c4f4f88d1dc307a1c9dd) Importer(815301076,1909f56bfc062723c751e8b465ee728b)
Start importing Assets/Models+Texters/WOODS/wood_8.fbx using Guid(cc1a33c95ee3c4f4f88d1dc307a1c9dd) Importer(815301076,1909f56bfc062723c751e8b465ee728b)  -> (artifact id: 'f72750e9f0e018c542da2677f47ed7b2') in 0.039024 seconds
Number of updated asset objects reloaded before import = 0
Number of asset objects unloaded after import = 8
========================================================================
Received Import Request.
  Time since last request: 4.956775 seconds.
  path: Assets/Models+Texters/PLATFORMS/1.2(col).green_small_platform.fbx
  artifactKey: Guid(04d8d9fd412813a409ad34917cf24a8e) Importer(815301076,1909f56bfc062723c751e8b465ee728b)
Start importing Assets/Models+Texters/PLATFORMS/1.2(col).green_small_platform.fbx using Guid(04d8d9fd412813a409ad34917cf24a8e) Importer(815301076,1909f56bfc062723c751e8b465ee728b)  -> (artifact id: '00c9a901bb6177cbe2eebe1a5dcf41d3') in 0.050045 seconds
Number of updated asset objects reloaded before import = 0
Number of asset objects unloaded after import = 8
========================================================================
Received Import Request.
  Time since last request: 0.000014 seconds.
  path: Assets/Models+Texters/PLATFORMS/3.fbx
  artifactKey: Guid(6839b6c2fc34a8e418cbebff5f434522) Importer(815301076,1909f56bfc062723c751e8b465ee728b)
Start importing Assets/Models+Texters/PLATFORMS/3.fbx using Guid(6839b6c2fc34a8e418cbebff5f434522) Importer(815301076,1909f56bfc062723c751e8b465ee728b)  -> (artifact id: '6442b7087f6ce869b90f93f66389cb93') in 0.040017 seconds
Number of updated asset objects reloaded before import = 0
Number of asset objects unloaded after import = 9
========================================================================
Received Import Request.
  Time since last request: 0.000014 seconds.
  path: Assets/Models+Texters/PLATFORMS/platforms_6.fbx
  artifactKey: Guid(8e4d49ed9d5eecf449f8e3e521349854) Importer(815301076,1909f56bfc062723c751e8b465ee728b)
Start importing Assets/Models+Texters/PLATFORMS/platforms_6.fbx using Guid(8e4d49ed9d5eecf449f8e3e521349854) Importer(815301076,1909f56bfc062723c751e8b465ee728b)  -> (artifact id: 'ecb8f23f78e90b535d14d2aec03d8b47') in 0.033876 seconds
Number of updated asset objects reloaded before import = 0
Number of asset objects unloaded after import = 8
========================================================================
Received Import Request.
  Time since last request: 0.000018 seconds.
  path: Assets/Models+Texters/PLATFORMS/1.4(col).green_small_platform.fbx
  artifactKey: Guid(590fb811d01a2a24fbb998ef46e346dc) Importer(815301076,1909f56bfc062723c751e8b465ee728b)
Start importing Assets/Models+Texters/PLATFORMS/1.4(col).green_small_platform.fbx using Guid(590fb811d01a2a24fbb998ef46e346dc) Importer(815301076,1909f56bfc062723c751e8b465ee728b)  -> (artifact id: 'ec381e90099f13a4b3257a700fc0b595') in 0.033778 seconds
Number of updated asset objects reloaded before import = 0
Number of asset objects unloaded after import = 8
========================================================================
Received Import Request.
  Time since last request: 0.000018 seconds.
  path: Assets/Models+Texters/PLATFORMS/1.3(col).green_small_platform.fbx
  artifactKey: Guid(a774df2d6a5fffd44b98d5443c651fff) Importer(815301076,1909f56bfc062723c751e8b465ee728b)
Start importing Assets/Models+Texters/PLATFORMS/1.3(col).green_small_platform.fbx using Guid(a774df2d6a5fffd44b98d5443c651fff) Importer(815301076,1909f56bfc062723c751e8b465ee728b)  -> (artifact id: '63959d4c05c88a44b2aa4b8791426d75') in 0.033150 seconds
Number of updated asset objects reloaded before import = 0
Number of asset objects unloaded after import = 8
========================================================================
Received Import Request.
  Time since last request: 0.000017 seconds.
  path: Assets/Models+Texters/PLATFORMS/R_stone plate.fbx
  artifactKey: Guid(83d4f919fc06f34439d8e051c505d7e1) Importer(815301076,1909f56bfc062723c751e8b465ee728b)
Start importing Assets/Models+Texters/PLATFORMS/R_stone plate.fbx using Guid(83d4f919fc06f34439d8e051c505d7e1) Importer(815301076,1909f56bfc062723c751e8b465ee728b)  -> (artifact id: 'ce5fdd7f2a6cba9ccf9d4d2f8cc27b03') in 0.031218 seconds
Number of updated asset objects reloaded before import = 0
Number of asset objects unloaded after import = 10
========================================================================
Received Import Request.
  Time since last request: 0.000022 seconds.
  path: Assets/Models+Texters/PLATFORMS/движущая платформа_3.fbx
  artifactKey: Guid(9144939b9db994e449f04b206c10073f) Importer(815301076,1909f56bfc062723c751e8b465ee728b)
Start importing Assets/Models+Texters/PLATFORMS/движущая платформа_3.fbx using Guid(9144939b9db994e449f04b206c10073f) Importer(815301076,1909f56bfc062723c751e8b465ee728b)  -> (artifact id: '05ad899f0ae1d6fc49a450b9df9548f0') in 0.051120 seconds
Number of updated asset objects reloaded before import = 0
Number of asset objects unloaded after import = 18
========================================================================
Received Import Request.
  Time since last request: 0.000023 seconds.
  path: Assets/Models+Texters/PLATFORMS/platforms_3.fbx
  artifactKey: Guid(c487c822a50f0aa4ab27290fc8cc2ed4) Importer(815301076,1909f56bfc062723c751e8b465ee728b)
Start importing Assets/Models+Texters/PLATFORMS/platforms_3.fbx using Guid(c487c822a50f0aa4ab27290fc8cc2ed4) Importer(815301076,1909f56bfc062723c751e8b465ee728b)  -> (artifact id: 'd83335f986f6b040c5c6406b821e3742') in 0.035580 seconds
Number of updated asset objects reloaded before import = 0
Number of asset objects unloaded after import = 8
========================================================================
Received Import Request.
  Time since last request: 2.684148 seconds.
  path: Assets/Models+Texters/tents/PALATAS_2.fbx
  artifactKey: Guid(b9f0cf9469caf21499f2cae844d08253) Importer(815301076,1909f56bfc062723c751e8b465ee728b)
Start importing Assets/Models+Texters/tents/PALATAS_2.fbx using Guid(b9f0cf9469caf21499f2cae844d08253) Importer(815301076,1909f56bfc062723c751e8b465ee728b)  -> (artifact id: 'ca65fd5aba65910a1da3ccf7d94517fc') in 0.050846 seconds
Number of updated asset objects reloaded before import = 0
Number of asset objects unloaded after import = 8
========================================================================
Received Import Request.
  Time since last request: 0.000015 seconds.
  path: Assets/Models+Texters/tents/PALATAS_WAITH.fbx
  artifactKey: Guid(38708a0f746995e408a4a3e296e225e7) Importer(815301076,1909f56bfc062723c751e8b465ee728b)
Start importing Assets/Models+Texters/tents/PALATAS_WAITH.fbx using Guid(38708a0f746995e408a4a3e296e225e7) Importer(815301076,1909f56bfc062723c751e8b465ee728b)  -> (artifact id: '5464c66abe1b4524c486858a562a7bfa') in 0.043063 seconds
Number of updated asset objects reloaded before import = 0
Number of asset objects unloaded after import = 8
========================================================================
Received Prepare
Refreshing native plugins compatible for Editor in 1.71 ms, found 3 plugins.
Preloading 0 native plugins for Editor in 0.00 ms.
Unloading 0 Unused Serialized files (Serialized files now loaded: 0)
Unloading 1 unused Assets / (0.8 KB). Loaded Objects now: 3543.
Memory consumption went from 85.9 MB to 85.9 MB.
Total: 3.072200 ms (FindLiveObjects: 0.252400 ms CreateObjectMapping: 0.238200 ms MarkObjects: 2.563400 ms  DeleteObjects: 0.017400 ms)

Prepare: number of updated asset objects reloaded= 0
AssetImportParameters requested are different than current active one (requested -> active):
  custom:container-demuxer-ogg: 62fdf1f143b41e24485cea50d1cbac27 -> 
  custom:video-decoder-ogg-theora: a1e56fd34408186e4bbccfd4996cb3dc -> 
  custom:framework-win-MediaFoundation: 216162199b28c13a410421893ffa2e32 -> 
  custom:CustomObjectIndexerAttribute: 756ad292c208cfabdd7b50bc23989ffe -> 
  custom:container-demuxer-webm: 4f35f7cbe854078d1ac9338744f61a02 -> 
  custom:container-muxer-webm: aa71ff27fc2769a1b78a27578f13a17b -> 
  custom:video-decoder-webm-vp8: 9c59270c3fd7afecdb556c50c9e8de78 -> 
  custom:SearchIndexIgnoredProperties: e643bd26f0fe6173181afceb89e7c659 -> 
  custom:AudioImporter_EditorPlatform: d09bf68614088b80899f8185d706f6e7 -> 
  custom:video-encoder-webm-vp8: eb34c28f22e8b96e1ab97ce403110664 -> 
  custom:audio-decoder-ogg-vorbis: bf7c407c2cedff20999df2af8eb42d56 -> 
  custom:audio-encoder-webm-vorbis: bf7c407c2cedff20999df2af8eb42d56 -> 
